<?xml version="1.0" encoding="UTF-8"?>
<!-- Generated by org.testng.reporters.JUnitXMLReporter -->
<testsuite hostname="Kushal" ignored="0" name="S1Case1_OneWaySearchSummary" tests="1" failures="1" timestamp="20 May 2017 17:03:06 GMT" time="33.185" errors="0">
  <testcase name="run" time="33.148" classname="com.stta.Suite1_Flights.S1Case1_OneWaySearchSummary">
    <failure type="java.lang.IndexOutOfBoundsException" message="Index: 0, Size: 0">
      <![CDATA[java.lang.IndexOutOfBoundsException: Index: 0, Size: 0
	at java.util.ArrayList.rangeCheck(Unknown Source)
	at java.util.ArrayList.get(Unknown Source)
	at com.stta.Suite1_Flights.S1Case1_OneWaySearchSummary.run(S1Case1_OneWaySearchSummary.java:27)
... Removed 25 stack frames]]>
    </failure>
  </testcase> <!-- run -->
</testsuite> <!-- S1Case1_OneWaySearchSummary -->
