<?xml version="1.0" encoding="UTF-8"?>
<testng-results skipped="0" failed="0" ignored="0" total="1" passed="1">
  <reporter-output>
  </reporter-output>
  <suite name="Default suite" duration-ms="21063" started-at="2017-05-26T00:03:18Z" finished-at="2017-05-26T00:03:39Z">
    <groups>
    </groups>
    <test name="Default test" duration-ms="21063" started-at="2017-05-26T00:03:18Z" finished-at="2017-05-26T00:03:39Z">
      <class name="com.stta.Suite1_Flights.S1Case1_OneWaySearchSummary">
        <test-method status="PASS" signature="run()[pri:0, instance:com.stta.Suite1_Flights.S1Case1_OneWaySearchSummary@6276ae34]" name="run" duration-ms="21042" started-at="2017-05-25T20:03:18Z" finished-at="2017-05-25T20:03:39Z">
          <reporter-output>
          </reporter-output>
        </test-method> <!-- run -->
      </class> <!-- com.stta.Suite1_Flights.S1Case1_OneWaySearchSummary -->
    </test> <!-- Default test -->
  </suite> <!-- Default suite -->
</testng-results>
